2025-10-30 08:09:14,664 [INFO    ] discord.client: logging in using static token
2025-10-30 08:09:15,113 [INFO    ] __main__: --- Loading Cogs ---
2025-10-30 08:09:15,113 [ERROR   ] __main__: Failed to load extension cogs.puzzle_drops_cog.
Traceback (most recent call last):
  File "C:\Users\brian\Desktop\Alice2.0\bot.py", line 40, in setup_hook
    await self.load_extension(extension)
  File "C:\Users\brian\Desktop\Alice2.0\.venv\lib\site-packages\discord\ext\commands\bot.py", line 1038, in load_extension
    raise errors.ExtensionNotFound(name)
discord.ext.commands.errors.ExtensionNotFound: Extension 'cogs.puzzle_drops_cog' could not be loaded or found.
2025-10-30 08:09:15,113 [ERROR   ] __main__: Failed to load extension cogs.puzzles_cog.
Traceback (most recent call last):
  File "C:\Users\brian\Desktop\Alice2.0\bot.py", line 40, in setup_hook
    await self.load_extension(extension)
  File "C:\Users\brian\Desktop\Alice2.0\.venv\lib\site-packages\discord\ext\commands\bot.py", line 1038, in load_extension
    raise errors.ExtensionNotFound(name)
discord.ext.commands.errors.ExtensionNotFound: Extension 'cogs.puzzles_cog' could not be loaded or found.
2025-10-30 08:09:15,113 [ERROR   ] __main__: Failed to load extension cogs.admin_cog.
Traceback (most recent call last):
  File "C:\Users\brian\Desktop\Alice2.0\bot.py", line 40, in setup_hook
    await self.load_extension(extension)
  File "C:\Users\brian\Desktop\Alice2.0\.venv\lib\site-packages\discord\ext\commands\bot.py", line 1038, in load_extension
    raise errors.ExtensionNotFound(name)
discord.ext.commands.errors.ExtensionNotFound: Extension 'cogs.admin_cog' could not be loaded or found.
2025-10-30 08:09:15,463 [INFO    ] __main__: Synced 1 application commands globally.
2025-10-30 08:09:16,072 [INFO    ] discord.gateway: Shard ID None has connected to Gateway (Session ID: 2cf6a8b32ee041972c43160b9f62f10c).
2025-10-30 08:09:18,162 [INFO    ] __main__: --- Logged in as Alice 2.0#6557 (ID: 1313257886507335810) ---
2025-10-30 08:09:18,162 [INFO    ] __main__: Bot is ready and online.
2025-10-30 09:17:46,866 [INFO    ] discord.client: logging in using static token
2025-10-30 09:17:47,334 [INFO    ] __main__: --- Loading Cogs ---
2025-10-30 09:17:47,369 [INFO    ] cogs.puzzle_drops_cog: Drop scheduler task started.
2025-10-30 09:17:47,374 [INFO    ] __main__: Successfully loaded extension: cogs.puzzle_drops_cog
2025-10-30 09:17:47,397 [INFO    ] __main__: Successfully loaded extension: cogs.puzzles_cog
2025-10-30 09:17:47,440 [ERROR   ] __main__: Failed to load extension cogs.admin_cog.
Traceback (most recent call last):
  File "C:\Users\brian\Desktop\Alice2.0\.venv\lib\site-packages\discord\ext\commands\bot.py", line 974, in _load_from_module_spec
    await setup(self)
  File "C:\Users\brian\Desktop\Alice2.0\cogs\admin_cog.py", line 246, in setup
    await bot.add_cog(AdminCog(bot))
  File "C:\Users\brian\Desktop\Alice2.0\.venv\lib\site-packages\discord\ext\commands\bot.py", line 810, in add_cog
    cog = await cog._inject(self, override=override, guild=guild, guilds=guilds)
  File "C:\Users\brian\Desktop\Alice2.0\.venv\lib\site-packages\discord\ext\commands\cog.py", line 747, in _inject
    bot.tree.add_command(command, override=override, guild=guild, guilds=guilds)
  File "C:\Users\brian\Desktop\Alice2.0\.venv\lib\site-packages\discord\app_commands\tree.py", line 407, in add_command
    raise CommandAlreadyRegistered(name, None)
discord.app_commands.errors.CommandAlreadyRegistered: Command 'syncpuzzles' already registered.

The above exception was the direct cause of the following exception:

Traceback (most recent call last):
  File "C:\Users\brian\Desktop\Alice2.0\bot.py", line 40, in setup_hook
    await self.load_extension(extension)
  File "C:\Users\brian\Desktop\Alice2.0\.venv\lib\site-packages\discord\ext\commands\bot.py", line 1040, in load_extension
    await self._load_from_module_spec(spec, name)
  File "C:\Users\brian\Desktop\Alice2.0\.venv\lib\site-packages\discord\ext\commands\bot.py", line 979, in _load_from_module_spec
    raise errors.ExtensionFailed(key, e) from e
discord.ext.commands.errors.ExtensionFailed: Extension 'cogs.admin_cog' raised an error: CommandAlreadyRegistered: Command 'syncpuzzles' already registered.
2025-10-30 09:17:47,948 [INFO    ] __main__: Synced 5 application commands globally.
2025-10-30 09:17:48,680 [INFO    ] discord.gateway: Shard ID None has connected to Gateway (Session ID: ae83db4e9bcddc93cfa0b3ffcef097c5).
2025-10-30 09:17:50,753 [INFO    ] __main__: --- Logged in as Alice 2.0#6557 (ID: 1313257886507335810) ---
2025-10-30 09:17:50,753 [INFO    ] __main__: Bot is ready and online.
2025-10-30 09:19:52,895 [INFO    ] cogs.puzzle_drops_cog: Drop scheduler task cancelled.
2025-10-30 09:19:57,376 [INFO    ] discord.client: logging in using static token
2025-10-30 09:19:59,287 [INFO    ] __main__: --- Loading Cogs ---
2025-10-30 09:19:59,303 [INFO    ] cogs.puzzle_drops_cog: Drop scheduler task started.
2025-10-30 09:19:59,303 [INFO    ] __main__: Successfully loaded extension: cogs.puzzle_drops_cog
2025-10-30 09:19:59,326 [INFO    ] __main__: Successfully loaded extension: cogs.puzzles_cog
2025-10-30 09:19:59,335 [INFO    ] __main__: Successfully loaded extension: cogs.admin_cog
2025-10-30 09:19:59,588 [INFO    ] __main__: Synced 8 application commands globally.
2025-10-30 09:20:00,014 [INFO    ] discord.gateway: Shard ID None has connected to Gateway (Session ID: 944dc0072f9e156a5a510f79ff7038f6).
2025-10-30 09:20:02,098 [INFO    ] __main__: --- Logged in as Alice 2.0#6557 (ID: 1313257886507335810) ---
2025-10-30 09:20:02,098 [INFO    ] __main__: Bot is ready and online.
2025-10-30 10:06:36,396 [ERROR   ] discord.app_commands.tree: Ignoring exception in autocomplete for 'viewpuzzle'
Traceback (most recent call last):
  File "C:\Users\brian\Desktop\Alice2.0\.venv\lib\site-packages\discord\app_commands\tree.py", line 1289, in _call
    await command._invoke_autocomplete(interaction, focused, namespace)
  File "C:\Users\brian\Desktop\Alice2.0\.venv\lib\site-packages\discord\app_commands\commands.py", line 899, in _invoke_autocomplete
    raise CommandSignatureMismatch(self) from None
discord.app_commands.errors.CommandSignatureMismatch: The signature for command 'viewpuzzle' is different from the one provided by Discord. This can happen because either your code is out of date or you have not synced the commands with Discord, causing the mismatch in data. It is recommended to sync the command tree to fix this issue.
2025-10-30 10:06:44,645 [ERROR   ] discord.app_commands.tree: Ignoring exception in autocomplete for 'viewpuzzle'
Traceback (most recent call last):
  File "C:\Users\brian\Desktop\Alice2.0\.venv\lib\site-packages\discord\app_commands\tree.py", line 1289, in _call
    await command._invoke_autocomplete(interaction, focused, namespace)
  File "C:\Users\brian\Desktop\Alice2.0\.venv\lib\site-packages\discord\app_commands\commands.py", line 899, in _invoke_autocomplete
    raise CommandSignatureMismatch(self) from None
discord.app_commands.errors.CommandSignatureMismatch: The signature for command 'viewpuzzle' is different from the one provided by Discord. This can happen because either your code is out of date or you have not synced the commands with Discord, causing the mismatch in data. It is recommended to sync the command tree to fix this issue.
2025-10-30 10:06:45,645 [ERROR   ] discord.app_commands.tree: Ignoring exception in autocomplete for 'viewpuzzle'
Traceback (most recent call last):
  File "C:\Users\brian\Desktop\Alice2.0\.venv\lib\site-packages\discord\app_commands\tree.py", line 1289, in _call
    await command._invoke_autocomplete(interaction, focused, namespace)
  File "C:\Users\brian\Desktop\Alice2.0\.venv\lib\site-packages\discord\app_commands\commands.py", line 899, in _invoke_autocomplete
    raise CommandSignatureMismatch(self) from None
discord.app_commands.errors.CommandSignatureMismatch: The signature for command 'viewpuzzle' is different from the one provided by Discord. This can happen because either your code is out of date or you have not synced the commands with Discord, causing the mismatch in data. It is recommended to sync the command tree to fix this issue.
2025-10-30 10:06:45,997 [ERROR   ] discord.app_commands.tree: Ignoring exception in autocomplete for 'viewpuzzle'
Traceback (most recent call last):
  File "C:\Users\brian\Desktop\Alice2.0\.venv\lib\site-packages\discord\app_commands\tree.py", line 1289, in _call
    await command._invoke_autocomplete(interaction, focused, namespace)
  File "C:\Users\brian\Desktop\Alice2.0\.venv\lib\site-packages\discord\app_commands\commands.py", line 899, in _invoke_autocomplete
    raise CommandSignatureMismatch(self) from None
discord.app_commands.errors.CommandSignatureMismatch: The signature for command 'viewpuzzle' is different from the one provided by Discord. This can happen because either your code is out of date or you have not synced the commands with Discord, causing the mismatch in data. It is recommended to sync the command tree to fix this issue.
2025-10-30 10:06:47,277 [ERROR   ] discord.app_commands.tree: Ignoring exception in autocomplete for 'viewpuzzle'
Traceback (most recent call last):
  File "C:\Users\brian\Desktop\Alice2.0\.venv\lib\site-packages\discord\app_commands\tree.py", line 1289, in _call
    await command._invoke_autocomplete(interaction, focused, namespace)
  File "C:\Users\brian\Desktop\Alice2.0\.venv\lib\site-packages\discord\app_commands\commands.py", line 899, in _invoke_autocomplete
    raise CommandSignatureMismatch(self) from None
discord.app_commands.errors.CommandSignatureMismatch: The signature for command 'viewpuzzle' is different from the one provided by Discord. This can happen because either your code is out of date or you have not synced the commands with Discord, causing the mismatch in data. It is recommended to sync the command tree to fix this issue.
2025-10-30 10:12:42,319 [INFO    ] discord.gateway: Shard ID None has successfully RESUMED session 944dc0072f9e156a5a510f79ff7038f6.
2025-10-30 11:06:47,692 [INFO    ] discord.client: logging in using static token
2025-10-30 11:06:48,284 [INFO    ] __main__: --- Loading Cogs ---
2025-10-30 11:06:48,305 [INFO    ] __main__: Successfully loaded extension: cogs.puzzle_drops_cog
2025-10-30 11:06:48,317 [INFO    ] __main__: Successfully loaded extension: cogs.puzzles_cog
2025-10-30 11:06:48,319 [INFO    ] __main__: Successfully loaded extension: cogs.admin_cog
2025-10-30 11:06:48,561 [INFO    ] __main__: Synced 6 application commands globally.
2025-10-30 11:06:49,215 [INFO    ] discord.gateway: Shard ID None has connected to Gateway (Session ID: c0db66bb751a92b92c9e7f1dbdbd329f).
2025-10-30 11:06:51,323 [INFO    ] __main__: --- Logged in as Alice 2.0#6557 (ID: 1313257886507335810) ---
2025-10-30 11:06:51,324 [INFO    ] __main__: Bot is ready and online.
2025-10-30 11:53:13,841 [ERROR   ] discord.app_commands.tree: Ignoring exception in command 'spawndrop'
Traceback (most recent call last):
  File "C:\Users\brian\Desktop\Alice2.0\.venv\lib\site-packages\discord\app_commands\tree.py", line 1297, in _call
    await command._invoke_with_namespace(interaction, namespace)
  File "C:\Users\brian\Desktop\Alice2.0\.venv\lib\site-packages\discord\app_commands\commands.py", line 881, in _invoke_with_namespace
    raise CheckFailure(f'The check functions for command {self.name!r} failed.')
discord.app_commands.errors.CheckFailure: The check functions for command 'spawndrop' failed.
2025-10-30 11:59:15,078 [INFO    ] discord.client: logging in using static token
2025-10-30 11:59:15,565 [INFO    ] __main__: --- Loading Cogs ---
2025-10-30 11:59:15,583 [INFO    ] __main__: Successfully loaded extension: cogs.puzzle_drops_cog
2025-10-30 11:59:15,591 [INFO    ] __main__: Successfully loaded extension: cogs.puzzles_cog
2025-10-30 11:59:15,595 [INFO    ] __main__: Successfully loaded extension: cogs.admin_cog
2025-10-30 11:59:15,847 [INFO    ] __main__: Synced 7 application commands globally.
2025-10-30 11:59:16,397 [INFO    ] discord.gateway: Shard ID None has connected to Gateway (Session ID: cef6653ac822573adf89e39e56e65370).
2025-10-30 11:59:18,479 [INFO    ] __main__: --- Logged in as Alice 2.0#6557 (ID: 1313257886507335810) ---
2025-10-30 11:59:18,479 [INFO    ] __main__: Bot is ready and online.
2025-10-30 12:03:01,506 [INFO    ] cogs.admin_cog: All commands purged and resynced by mynameiswhat_..
2025-10-30 12:03:24,513 [INFO    ] discord.client: logging in using static token
2025-10-30 12:03:25,036 [INFO    ] __main__: --- Loading Cogs ---
2025-10-30 12:03:25,051 [INFO    ] __main__: Successfully loaded extension: cogs.puzzle_drops_cog
2025-10-30 12:03:25,067 [INFO    ] __main__: Successfully loaded extension: cogs.puzzles_cog
2025-10-30 12:03:25,067 [INFO    ] __main__: Successfully loaded extension: cogs.admin_cog
2025-10-30 12:03:25,465 [INFO    ] __main__: Synced 7 application commands globally.
2025-10-30 12:03:25,882 [INFO    ] discord.gateway: Shard ID None has connected to Gateway (Session ID: 4353a607cc37886d49c9bd22f661ae9d).
2025-10-30 12:03:27,974 [INFO    ] __main__: --- Logged in as Alice 2.0#6557 (ID: 1313257886507335810) ---
2025-10-30 12:03:27,974 [INFO    ] __main__: Bot is ready and online.
2025-10-30 12:08:42,778 [INFO    ] cogs.admin_cog: All commands purged and resynced by mynameiswhat_..
2025-10-30 12:11:01,650 [INFO    ] discord.client: logging in using static token
2025-10-30 12:11:02,222 [INFO    ] __main__: --- Loading Cogs ---
2025-10-30 12:11:02,242 [INFO    ] __main__: Successfully loaded extension: cogs.puzzle_drops_cog
2025-10-30 12:11:02,254 [INFO    ] __main__: Successfully loaded extension: cogs.puzzles_cog
2025-10-30 12:11:02,256 [INFO    ] __main__: Successfully loaded extension: cogs.admin_cog
2025-10-30 12:11:02,487 [INFO    ] __main__: Synced 7 application commands globally.
2025-10-30 12:11:02,971 [INFO    ] discord.gateway: Shard ID None has connected to Gateway (Session ID: aeeb80747dac125bd208aee03b7a4b7b).
2025-10-30 12:11:05,068 [INFO    ] __main__: --- Logged in as Alice 2.0#6557 (ID: 1313257886507335810) ---
2025-10-30 12:11:05,068 [INFO    ] __main__: Bot is ready and online.
2025-10-30 12:15:48,082 [INFO    ] discord.client: logging in using static token
2025-10-30 12:15:48,589 [INFO    ] __main__: --- Loading Cogs ---
2025-10-30 12:15:48,606 [INFO    ] __main__: Successfully loaded extension: cogs.puzzle_drops_cog
2025-10-30 12:15:48,621 [INFO    ] __main__: Successfully loaded extension: cogs.puzzles_cog
2025-10-30 12:15:48,621 [INFO    ] __main__: Successfully loaded extension: cogs.admin_cog
2025-10-30 12:15:50,060 [INFO    ] __main__: Synced 7 application commands globally.
2025-10-30 12:15:50,507 [INFO    ] discord.gateway: Shard ID None has connected to Gateway (Session ID: df8971e688d61a23c4c55888af59247c).
2025-10-30 12:15:52,568 [INFO    ] __main__: --- Logged in as Alice 2.0#6557 (ID: 1313257886507335810) ---
2025-10-30 12:15:52,568 [INFO    ] __main__: Bot is ready and online.
2025-10-30 12:16:28,840 [ERROR   ] discord.app_commands.tree: Ignoring exception in command 'spawndrop'
Traceback (most recent call last):
  File "C:\Users\brian\Desktop\Alice2.0\.venv\lib\site-packages\discord\app_commands\tree.py", line 1297, in _call
    await command._invoke_with_namespace(interaction, namespace)
  File "C:\Users\brian\Desktop\Alice2.0\.venv\lib\site-packages\discord\app_commands\commands.py", line 881, in _invoke_with_namespace
    raise CheckFailure(f'The check functions for command {self.name!r} failed.')
discord.app_commands.errors.CheckFailure: The check functions for command 'spawndrop' failed.
2025-10-30 12:25:55,877 [INFO    ] discord.client: logging in using static token
2025-10-30 12:25:56,325 [INFO    ] __main__: --- Loading Cogs ---
2025-10-30 12:25:56,350 [INFO    ] __main__: Successfully loaded extension: cogs.puzzle_drops_cog
2025-10-30 12:25:56,359 [INFO    ] __main__: Successfully loaded extension: cogs.puzzles_cog
2025-10-30 12:25:56,359 [INFO    ] __main__: Successfully loaded extension: cogs.admin_cog
2025-10-30 12:25:56,790 [INFO    ] __main__: Synced 7 application commands globally.
2025-10-30 12:25:57,332 [INFO    ] discord.gateway: Shard ID None has connected to Gateway (Session ID: 0745444bde65f6b8114064eb68b26751).
2025-10-30 12:25:59,410 [INFO    ] __main__: --- Logged in as Alice 2.0#6557 (ID: 1313257886507335810) ---
2025-10-30 12:25:59,410 [INFO    ] __main__: Bot is ready and online.
2025-10-30 12:27:41,628 [INFO    ] cogs.admin_cog: All commands purged and resynced by mynameiswhat_..
